[33mWARN[0m[2024-12-15 06:04:34] not enable search                            
[36mINFO[0m[2024-12-15 06:04:34] closing db                                   
[33mWARN[0m[2024-12-15 06:04:37] not enable search                            
[GIN] 2024/12/15 - 06:04:58 | 200 |     921.224µs |   45.76.166.131 | GET      "/"
[GIN] 2024/12/15 - 06:04:59 | 200 |    2.901608ms |   45.76.166.131 | GET      "/api/public/settings"
[GIN] 2024/12/15 - 06:05:00 | 200 |    1.773675ms |   45.76.166.131 | GET      "/api/me"
[GIN] 2024/12/15 - 06:05:03 | 200 |    2.757744ms |   45.76.166.131 | POST     "/api/auth/login/hash"
[GIN] 2024/12/15 - 06:05:04 | 200 |     2.49913ms |   45.76.166.131 | GET      "/api/me"
[GIN] 2024/12/15 - 06:05:04 | 200 |     322.677µs |   45.76.166.131 | GET      "/api/public/offline_download_tools"
[31mERRO[0m[2024-12-15 06:05:04] failed list /: storage not found; please add a storage first
failed get storage 
[GIN] 2024/12/15 - 06:05:04 | 200 |    3.337831ms |   45.76.166.131 | POST     "/api/fs/get"
[31mERRO[0m[2024-12-15 06:05:05] failed list /: storage not found; please add a storage first
failed get storage 
[GIN] 2024/12/15 - 06:05:05 | 200 |     733.479µs |   45.76.166.131 | POST     "/api/fs/list"
[GIN] 2024/12/15 - 06:05:07 | 200 |     195.583µs |   45.76.166.131 | GET      "/api/me"
[GIN] 2024/12/15 - 06:05:09 | 200 |     235.087µs |   45.76.166.131 | GET      "/api/admin/driver/names"
[GIN] 2024/12/15 - 06:05:09 | 200 |    1.072941ms |   45.76.166.131 | GET      "/api/admin/storage/list"
[GIN] 2024/12/15 - 06:05:11 | 200 |   14.313878ms |   45.76.166.131 | GET      "/api/admin/driver/list"
[GIN] 2024/12/15 - 06:05:27 | 200 |    3.967092ms |   45.76.166.131 | POST     "/api/admin/storage/create"
[GIN] 2024/12/15 - 06:05:28 | 200 |    1.588576ms |   45.76.166.131 | GET      "/api/admin/storage/list"
[GIN] 2024/12/15 - 06:05:28 | 200 |     188.773µs |   45.76.166.131 | GET      "/api/admin/driver/names"
[GIN] 2024/12/15 - 06:05:29 | 200 |     227.416µs |   45.76.166.131 | GET      "/"
[GIN] 2024/12/15 - 06:05:30 | 200 |     168.932µs |   45.76.166.131 | GET      "/api/me"
[GIN] 2024/12/15 - 06:05:30 | 200 |      150.45µs |   45.76.166.131 | GET      "/api/public/settings"
[GIN] 2024/12/15 - 06:05:31 | 200 |     154.575µs |   45.76.166.131 | GET      "/api/me"
[GIN] 2024/12/15 - 06:05:32 | 200 |      91.776µs |   45.76.166.131 | GET      "/api/public/offline_download_tools"
[GIN] 2024/12/15 - 06:05:32 | 200 |     336.188µs |   45.76.166.131 | POST     "/api/fs/get"
[GIN] 2024/12/15 - 06:05:32 | 200 |     676.901µs |   45.76.166.131 | POST     "/api/fs/list"
[GIN] 2024/12/15 - 06:05:34 | 200 |    2.473057ms |   45.76.166.131 | POST     "/api/fs/list"
[GIN] 2024/12/15 - 06:05:35 | 200 |     629.037µs |   45.76.166.131 | POST     "/api/fs/list"
[GIN] 2024/12/15 - 06:06:10 | 200 |  3.435268106s |   45.76.166.131 | PUT      "/api/fs/put"
[GIN] 2024/12/15 - 06:06:11 | 200 |     2.34254ms |   45.76.166.131 | POST     "/api/fs/list"
[GIN] 2024/12/15 - 06:22:46 | 200 |   12.511808ms | 2001:19f0:c:db3:5400:5ff:fe35:1c60 | GET      "/"
[GIN] 2024/12/15 - 06:22:47 | 200 |   10.813277ms | 2001:19f0:c:db3:5400:5ff:fe35:1c60 | GET      "/api/public/settings"
[GIN] 2024/12/15 - 06:22:47 | 200 |   12.193286ms | 2001:19f0:c:db3:5400:5ff:fe35:1c60 | GET      "/api/me"
[GIN] 2024/12/15 - 06:22:49 | 200 |    5.017574ms | 2001:19f0:c:db3:5400:5ff:fe35:1c60 | POST     "/api/auth/login/hash"
[GIN] 2024/12/15 - 06:22:49 | 200 |    1.697905ms | 2001:19f0:c:db3:5400:5ff:fe35:1c60 | GET      "/api/me"
[GIN] 2024/12/15 - 06:22:50 | 200 |    8.572701ms | 2001:19f0:c:db3:5400:5ff:fe35:1c60 | POST     "/api/fs/get"
[GIN] 2024/12/15 - 06:22:50 | 200 |    1.534055ms | 2001:19f0:c:db3:5400:5ff:fe35:1c60 | GET      "/api/public/offline_download_tools"
[GIN] 2024/12/15 - 06:22:50 | 200 |    1.748805ms | 2001:19f0:c:db3:5400:5ff:fe35:1c60 | POST     "/api/fs/list"
[GIN] 2024/12/15 - 06:22:51 | 200 |    3.704409ms | 2001:19f0:c:db3:5400:5ff:fe35:1c60 | POST     "/api/fs/list"
[GIN] 2024/12/15 - 06:22:53 | 200 |     550.266µs | 2001:19f0:c:db3:5400:5ff:fe35:1c60 | GET      "/api/me"
[GIN] 2024/12/15 - 06:22:53 | 200 |    3.850593ms | 2001:19f0:c:db3:5400:5ff:fe35:1c60 | GET      "/assets/index.edde7229.js"
[GIN] 2024/12/15 - 06:22:53 | 200 |    1.159981ms | 2001:19f0:c:db3:5400:5ff:fe35:1c60 | GET      "/assets/Profile.904fd006.js"
[GIN] 2024/12/15 - 06:23:13 | 200 |   26.546149ms | 2001:19f0:c:db3:5400:5ff:fe35:1c60 | POST     "/api/me/update"
[GIN] 2024/12/15 - 06:23:15 | 200 |    3.209457ms | 2001:19f0:c:db3:5400:5ff:fe35:1c60 | POST     "/api/auth/login/hash"
[GIN] 2024/12/15 - 06:23:15 | 200 |     422.945µs | 2001:19f0:c:db3:5400:5ff:fe35:1c60 | GET      "/api/me"
[GIN] 2024/12/15 - 06:23:27 | 200 |     433.798µs | 2001:19f0:c:db3:5400:5ff:fe35:1c60 | GET      "/api/auth/logout"
[GIN] 2024/12/15 - 06:23:40 | 200 |     346.235µs | 2001:19f0:c:db3:5400:5ff:fe35:1c60 | GET      "/"
[GIN] 2024/12/15 - 06:23:40 | 200 |    1.239254ms | 2001:19f0:c:db3:5400:5ff:fe35:1c60 | GET      "/api/public/settings"
[GIN] 2024/12/15 - 06:23:40 | 200 |     784.414µs | 2001:19f0:c:db3:5400:5ff:fe35:1c60 | GET      "/api/me"
[GIN] 2024/12/15 - 06:23:45 | 200 |      927.43µs | 2001:19f0:c:db3:5400:5ff:fe35:1c60 | POST     "/api/auth/login/hash"
[GIN] 2024/12/15 - 06:23:45 | 200 |     928.572µs | 2001:19f0:c:db3:5400:5ff:fe35:1c60 | GET      "/api/me"
[GIN] 2024/12/15 - 06:23:46 | 200 |     454.162µs | 2001:19f0:c:db3:5400:5ff:fe35:1c60 | POST     "/api/fs/get"
[GIN] 2024/12/15 - 06:23:46 | 200 |     115.772µs | 2001:19f0:c:db3:5400:5ff:fe35:1c60 | GET      "/api/public/offline_download_tools"
[GIN] 2024/12/15 - 06:23:46 | 200 |     461.847µs | 2001:19f0:c:db3:5400:5ff:fe35:1c60 | POST     "/api/fs/list"
[GIN] 2024/12/15 - 06:23:47 | 200 |     742.667µs | 2001:19f0:c:db3:5400:5ff:fe35:1c60 | POST     "/api/fs/list"
[GIN] 2024/12/15 - 06:23:48 | 200 |    6.118881ms | 2001:19f0:c:db3:5400:5ff:fe35:1c60 | POST     "/api/fs/list"
[GIN] 2024/12/15 - 06:23:49 | 200 |    1.006458ms | 2001:19f0:c:db3:5400:5ff:fe35:1c60 | POST     "/api/fs/list"
[GIN] 2024/12/15 - 06:23:50 | 200 |    1.203338ms | 2001:19f0:c:db3:5400:5ff:fe35:1c60 | POST     "/api/fs/list"
[GIN] 2024/12/15 - 06:23:51 | 200 |    1.675923ms | 2001:19f0:c:db3:5400:5ff:fe35:1c60 | POST     "/api/fs/list"
[GIN] 2024/12/15 - 06:23:51 | 200 |    2.640889ms | 2001:19f0:c:db3:5400:5ff:fe35:1c60 | POST     "/api/fs/list"
[GIN] 2024/12/15 - 06:23:54 | 200 |    1.962168ms | 2001:19f0:c:db3:5400:5ff:fe35:1c60 | POST     "/api/fs/list"
[GIN] 2024/12/15 - 06:23:59 | 200 |     1.85269ms | 2001:19f0:c:db3:5400:5ff:fe35:1c60 | POST     "/api/fs/list"
[GIN] 2024/12/15 - 06:24:43 | 200 |    1.026712ms | 2001:19f0:c:db3:5400:5ff:fe35:1c60 | POST     "/api/fs/list"
[GIN] 2024/12/15 - 06:25:40 | 200 |    2.027128ms | 2001:19f0:c:db3:5400:5ff:fe35:1c60 | POST     "/api/fs/list"
[GIN] 2024/12/15 - 06:25:42 | 200 |      917.54µs | 2001:19f0:c:db3:5400:5ff:fe35:1c60 | GET      "/assets/Upload.508ef48b.js"
[GIN] 2024/12/15 - 06:26:13 | 200 |   19.670994ms | 2001:19f0:c:db3:5400:5ff:fe35:1c60 | PUT      "/api/fs/put"
[GIN] 2024/12/15 - 06:26:13 | 200 |    1.002916ms | 2001:19f0:c:db3:5400:5ff:fe35:1c60 | POST     "/api/fs/list"
[GIN] 2024/12/15 - 06:31:24 | 200 |   52.484854ms | 2001:19f0:c:db3:5400:5ff:fe35:1c60 | POST     "/api/fs/list"
[GIN] 2024/12/15 - 06:31:25 | 200 |    3.980835ms | 2001:19f0:c:db3:5400:5ff:fe35:1c60 | POST     "/api/fs/list"
[GIN] 2024/12/15 - 07:22:40 | 200 |   10.503145ms | 2001:19f0:c:db3:5400:5ff:fe35:1c60 | GET      "/root/docker/Github/Steps/steps/source/_posts"
[GIN] 2024/12/15 - 07:22:41 | 200 |    1.972392ms | 2001:19f0:c:db3:5400:5ff:fe35:1c60 | GET      "/assets/index.c4c82a28.css"
[GIN] 2024/12/15 - 07:22:41 | 200 |   17.811332ms | 2001:19f0:c:db3:5400:5ff:fe35:1c60 | GET      "/assets/index.0d2838ba.js"
[GIN] 2024/12/15 - 07:22:43 | 200 |    2.747747ms | 2001:19f0:c:db3:5400:5ff:fe35:1c60 | GET      "/assets/entry.9c8d2cef.js"
[GIN] 2024/12/15 - 07:22:43 | 200 |   44.721936ms | 2001:19f0:c:db3:5400:5ff:fe35:1c60 | GET      "/api/public/settings"
[GIN] 2024/12/15 - 07:22:43 | 200 |    8.302476ms | 2001:19f0:c:db3:5400:5ff:fe35:1c60 | GET      "/api/me"
[GIN] 2024/12/15 - 07:22:43 | 200 |    2.941833ms | 2001:19f0:c:db3:5400:5ff:fe35:1c60 | GET      "/assets/index.eb9c8cdd.js"
[GIN] 2024/12/15 - 07:22:43 | 200 |     561.919µs | 2001:19f0:c:db3:5400:5ff:fe35:1c60 | GET      "/assets/useTitle.e59a434b.js"
[GIN] 2024/12/15 - 07:22:43 | 200 |    1.601597ms | 2001:19f0:c:db3:5400:5ff:fe35:1c60 | GET      "/assets/webauthn-json.browser-ponyfill.1c672167.js"
[GIN] 2024/12/15 - 07:22:43 | 200 |     440.483µs | 2001:19f0:c:db3:5400:5ff:fe35:1c60 | GET      "/static/manifest.json"
[GIN] 2024/12/15 - 07:22:45 | 200 |    5.654848ms | 2001:19f0:c:db3:5400:5ff:fe35:1c60 | POST     "/api/auth/login/hash"
[GIN] 2024/12/15 - 07:23:16 | 200 |    2.399701ms | 2001:19f0:c:db3:5400:5ff:fe35:1c60 | POST     "/api/auth/login/hash"
[GIN] 2024/12/15 - 07:23:21 | 200 |    2.292903ms | 2001:19f0:c:db3:5400:5ff:fe35:1c60 | POST     "/api/auth/login/hash"
[GIN] 2024/12/15 - 07:23:21 | 200 |     1.90353ms | 2001:19f0:c:db3:5400:5ff:fe35:1c60 | GET      "/api/me"
[GIN] 2024/12/15 - 07:23:21 | 200 |    1.661422ms | 2001:19f0:c:db3:5400:5ff:fe35:1c60 | GET      "/assets/index.17db7dfc.js"
[GIN] 2024/12/15 - 07:23:21 | 200 |    2.160706ms | 2001:19f0:c:db3:5400:5ff:fe35:1c60 | GET      "/assets/Layout.3a5bcf8c.js"
[GIN] 2024/12/15 - 07:23:21 | 200 |    1.233512ms | 2001:19f0:c:db3:5400:5ff:fe35:1c60 | GET      "/assets/index.31ebc1c6.js"
[GIN] 2024/12/15 - 07:23:21 | 200 |    1.106486ms | 2001:19f0:c:db3:5400:5ff:fe35:1c60 | GET      "/assets/FolderTree.174f4509.js"
[GIN] 2024/12/15 - 07:23:22 | 200 |     242.012µs | 2001:19f0:c:db3:5400:5ff:fe35:1c60 | GET      "/api/public/offline_download_tools"
[33mWARN[0m[2024-12-15 07:23:22] failed get /root/docker/Github/Steps/steps/source/_posts: failed get parent list: failed get dir: failed get parent list: failed get dir: failed get parent list: failed get dir: failed get parent list: failed get dir: object not found 
[GIN] 2024/12/15 - 07:23:22 | 200 |    8.892788ms | 2001:19f0:c:db3:5400:5ff:fe35:1c60 | POST     "/api/fs/get"
[GIN] 2024/12/15 - 07:23:23 | 200 |     884.142µs | 2001:19f0:c:db3:5400:5ff:fe35:1c60 | POST     "/api/fs/list"
[GIN] 2024/12/15 - 07:23:24 | 200 |    2.139215ms | 2001:19f0:c:db3:5400:5ff:fe35:1c60 | GET      "/assets/Folder.b511ba9e.css"
[GIN] 2024/12/15 - 07:23:24 | 200 |      430.91µs | 2001:19f0:c:db3:5400:5ff:fe35:1c60 | GET      "/assets/Paginator.34ac19f7.js"
[GIN] 2024/12/15 - 07:23:24 | 200 |     287.691µs | 2001:19f0:c:db3:5400:5ff:fe35:1c60 | GET      "/assets/index.41251028.js"
[GIN] 2024/12/15 - 07:23:24 | 200 |    4.145852ms | 2001:19f0:c:db3:5400:5ff:fe35:1c60 | GET      "/assets/Folder.6c7f8c95.js"
[GIN] 2024/12/15 - 07:23:24 | 200 |     540.738µs | 2001:19f0:c:db3:5400:5ff:fe35:1c60 | GET      "/assets/icon.0cb7e809.js"
[GIN] 2024/12/15 - 07:23:24 | 200 |      53.279µs | 2001:19f0:c:db3:5400:5ff:fe35:1c60 | GET      "/assets/_commonjs-dynamic-modules.30ae7933.js"
[GIN] 2024/12/15 - 07:23:24 | 200 |   20.087402ms | 2001:19f0:c:db3:5400:5ff:fe35:1c60 | GET      "/assets/video_box.ae19ad4f.js"
[GIN] 2024/12/15 - 07:23:24 | 200 |     468.526µs | 2001:19f0:c:db3:5400:5ff:fe35:1c60 | GET      "/assets/index.a0d16ac3.js"
[GIN] 2024/12/15 - 07:23:24 | 200 |    1.949568ms | 2001:19f0:c:db3:5400:5ff:fe35:1c60 | GET      "/assets/helper.ac2453ab.js"
[GIN] 2024/12/15 - 07:23:24 | 200 |    1.741344ms | 2001:19f0:c:db3:5400:5ff:fe35:1c60 | GET      "/assets/List.48fe42d6.js"
[GIN] 2024/12/15 - 07:23:24 | 200 |     347.505µs | 2001:19f0:c:db3:5400:5ff:fe35:1c60 | POST     "/api/fs/get"
[GIN] 2024/12/15 - 07:23:25 | 200 |     657.446µs | 2001:19f0:c:db3:5400:5ff:fe35:1c60 | POST     "/api/fs/list"
[GIN] 2024/12/15 - 07:23:26 | 200 |     354.059µs | 2001:19f0:c:db3:5400:5ff:fe35:1c60 | POST     "/api/fs/list"
[GIN] 2024/12/15 - 07:23:27 | 200 |     967.685µs | 2001:19f0:c:db3:5400:5ff:fe35:1c60 | POST     "/api/fs/list"
[GIN] 2024/12/15 - 07:23:29 | 200 |     674.626µs | 2001:19f0:c:db3:5400:5ff:fe35:1c60 | GET      "/assets/Upload.508ef48b.js"
[GIN] 2024/12/15 - 07:23:38 | 200 |     8.53833ms | 2001:19f0:c:db3:5400:5ff:fe35:1c60 | PUT      "/api/fs/put"
[GIN] 2024/12/15 - 07:23:38 | 200 |    1.385978ms | 2001:19f0:c:db3:5400:5ff:fe35:1c60 | POST     "/api/fs/list"
[GIN] 2024/12/15 - 07:24:35 | 200 |   64.951804ms | 2001:19f0:c:db3:5400:5ff:fe35:1c60 | PUT      "/api/fs/put"
[GIN] 2024/12/15 - 07:24:35 | 200 |    5.264864ms | 2001:19f0:c:db3:5400:5ff:fe35:1c60 | POST     "/api/fs/list"
[GIN] 2024/12/15 - 07:26:23 | 200 |   61.658507ms | 2001:19f0:c:db3:5400:5ff:fe35:1c60 | PUT      "/api/fs/put"
[GIN] 2024/12/15 - 07:26:24 | 200 |    9.539972ms | 2001:19f0:c:db3:5400:5ff:fe35:1c60 | POST     "/api/fs/list"
[GIN] 2024/12/15 - 07:29:18 | 200 |   35.328088ms | 2001:19f0:c:db3:5400:5ff:fe35:1c60 | POST     "/api/fs/list"
[GIN] 2024/12/15 - 07:29:19 | 200 |    1.920491ms | 2001:19f0:c:db3:5400:5ff:fe35:1c60 | POST     "/api/fs/list"
[GIN] 2024/12/15 - 07:29:20 | 200 |    27.18809ms | 2001:19f0:c:db3:5400:5ff:fe35:1c60 | POST     "/api/fs/list"
[GIN] 2024/12/15 - 07:29:22 | 200 |    1.047236ms | 2001:19f0:c:db3:5400:5ff:fe35:1c60 | POST     "/api/fs/list"
[GIN] 2024/12/15 - 07:29:26 | 200 |    6.561084ms | 2001:19f0:c:db3:5400:5ff:fe35:1c60 | POST     "/api/fs/remove"
[GIN] 2024/12/15 - 07:29:27 | 200 |    1.043937ms | 2001:19f0:c:db3:5400:5ff:fe35:1c60 | POST     "/api/fs/list"
[GIN] 2024/12/15 - 07:29:29 | 200 |     795.808µs | 2001:19f0:c:db3:5400:5ff:fe35:1c60 | POST     "/api/fs/remove"
[GIN] 2024/12/15 - 07:29:29 | 200 |    1.126687ms | 2001:19f0:c:db3:5400:5ff:fe35:1c60 | POST     "/api/fs/list"
[GIN] 2024/12/15 - 07:29:32 | 200 |     898.778µs | 2001:19f0:c:db3:5400:5ff:fe35:1c60 | POST     "/api/fs/remove"
[GIN] 2024/12/15 - 07:29:32 | 200 |     943.518µs | 2001:19f0:c:db3:5400:5ff:fe35:1c60 | POST     "/api/fs/list"
[GIN] 2024/12/15 - 07:29:35 | 200 |    2.825601ms | 2001:19f0:c:db3:5400:5ff:fe35:1c60 | POST     "/api/fs/list"
[GIN] 2024/12/15 - 07:29:35 | 200 |    2.027928ms | 2001:19f0:c:db3:5400:5ff:fe35:1c60 | POST     "/api/fs/list"
[GIN] 2024/12/15 - 07:29:36 | 200 |    1.197621ms | 2001:19f0:c:db3:5400:5ff:fe35:1c60 | POST     "/api/fs/list"
[GIN] 2024/12/15 - 07:29:37 | 200 |     839.069µs | 2001:19f0:c:db3:5400:5ff:fe35:1c60 | POST     "/api/fs/list"
[GIN] 2024/12/15 - 07:29:40 | 200 |     1.52009ms | 2001:19f0:c:db3:5400:5ff:fe35:1c60 | POST     "/api/fs/list"
[GIN] 2024/12/15 - 07:29:42 | 200 |    2.295334ms | 2001:19f0:c:db3:5400:5ff:fe35:1c60 | POST     "/api/fs/list"
[GIN] 2024/12/15 - 07:29:50 | 200 |    5.899405ms | 2001:19f0:c:db3:5400:5ff:fe35:1c60 | POST     "/api/fs/list"
[GIN] 2024/12/15 - 07:30:02 | 200 |    11.44568ms | 2001:19f0:c:db3:5400:5ff:fe35:1c60 | POST     "/api/fs/list"
[GIN] 2024/12/15 - 07:30:05 | 200 |    6.735408ms | 2001:19f0:c:db3:5400:5ff:fe35:1c60 | POST     "/api/fs/get"
[GIN] 2024/12/15 - 07:30:05 | 200 |    7.103339ms | 2001:19f0:c:db3:5400:5ff:fe35:1c60 | GET      "/assets/File.08f9c641.js"
[GIN] 2024/12/15 - 07:30:05 | 200 |      96.105µs | 2001:19f0:c:db3:5400:5ff:fe35:1c60 | GET      "/assets/ImageWithError.f77b690d.js"
[GIN] 2024/12/15 - 07:30:06 | 200 |     534.876µs | 2001:19f0:c:db3:5400:5ff:fe35:1c60 | GET      "/assets/image.7ec03814.js"
[GIN] 2024/12/15 - 07:30:06 | 200 |    1.174769ms | 2001:19f0:c:db3:5400:5ff:fe35:1c60 | GET      "/p/root/docker/Nginx-Proxy-Manager/data/web.nomes.top/Frequently/cloudflare.png?sign=8TQkDKwNQrvHPq__ssNLSyQRfEC5crRB14D8QDohBYw=:0"
[GIN] 2024/12/15 - 07:30:07 | 200 |    1.986279ms | 2001:19f0:c:db3:5400:5ff:fe35:1c60 | POST     "/api/fs/list"
[GIN] 2024/12/15 - 07:30:12 | 200 |     545.706µs | 2001:19f0:c:db3:5400:5ff:fe35:1c60 | POST     "/api/fs/remove"
[GIN] 2024/12/15 - 07:30:12 | 200 |     825.573µs | 2001:19f0:c:db3:5400:5ff:fe35:1c60 | POST     "/api/fs/list"
[GIN] 2024/12/15 - 07:30:14 | 200 |    3.758177ms | 2001:19f0:c:db3:5400:5ff:fe35:1c60 | POST     "/api/fs/list"
